Using pre-set license
Built from '2021.3/china_unity/release' branch; Version is '2021.3.23f1c1 (b82b1f861975) revision 12069663'; Using compiler version '192829333'; Build Type 'Release'
OS: 'Windows 10  (10.0.19045) 64bit Professional' Language: 'zh' Physical Memory: 15741 MB
BatchMode: 1, IsHumanControllingUs: 0, StartBugReporterOnCrash: 0, Is64bit: 1, IsPro: 1

COMMAND LINE ARGUMENTS:
E:\tools\unity\Editor\2021.3.23f1c1\Editor\Unity.exe
-adb2
-batchMode
-noUpm
-name
AssetImportWorker4
-projectPath
E:/programme/unity/unityproject/mymmo/Src/Client
-logFile
Logs/AssetImportWorker4.log
-srvPort
1618
Successfully changed project path to: E:/programme/unity/unityproject/mymmo/Src/Client
E:/programme/unity/unityproject/mymmo/Src/Client
[UnityMemory] Configuration Parameters - Can be set up in boot.config
    "memorysetup-bucket-allocator-granularity=16"
    "memorysetup-bucket-allocator-bucket-count=8"
    "memorysetup-bucket-allocator-block-size=33554432"
    "memorysetup-bucket-allocator-block-count=8"
    "memorysetup-main-allocator-block-size=16777216"
    "memorysetup-thread-allocator-block-size=16777216"
    "memorysetup-gfx-main-allocator-block-size=16777216"
    "memorysetup-gfx-thread-allocator-block-size=16777216"
    "memorysetup-cache-allocator-block-size=4194304"
    "memorysetup-typetree-allocator-block-size=2097152"
    "memorysetup-profiler-bucket-allocator-granularity=16"
    "memorysetup-profiler-bucket-allocator-bucket-count=8"
    "memorysetup-profiler-bucket-allocator-block-size=33554432"
    "memorysetup-profiler-bucket-allocator-block-count=8"
    "memorysetup-profiler-allocator-block-size=16777216"
    "memorysetup-profiler-editor-allocator-block-size=1048576"
    "memorysetup-temp-allocator-size-main=16777216"
    "memorysetup-job-temp-allocator-block-size=2097152"
    "memorysetup-job-temp-allocator-block-size-background=1048576"
    "memorysetup-job-temp-allocator-reduction-small-platforms=262144"
    "memorysetup-temp-allocator-size-background-worker=32768"
    "memorysetup-temp-allocator-size-job-worker=262144"
    "memorysetup-temp-allocator-size-preload-manager=33554432"
    "memorysetup-temp-allocator-size-nav-mesh-worker=65536"
    "memorysetup-temp-allocator-size-audio-worker=65536"
    "memorysetup-temp-allocator-size-cloud-worker=32768"
    "memorysetup-temp-allocator-size-gi-baking-worker=262144"
    "memorysetup-temp-allocator-size-gfx=262144"
Player connection [30468] Host "[IP] 192.168.0.110 [Port] 0 [Flags] 2 [Guid] 276576637 [EditorId] 276576637 [Version] 1048832 [Id] WindowsEditor(7,DESKTOP-UR3FDGG) [Debug] 1 [PackageName] WindowsEditor [ProjectName] Editor" joined multi-casting on [225.0.0.222:54997]...

Player connection [30468] Host "[IP] 192.168.0.110 [Port] 0 [Flags] 2 [Guid] 276576637 [EditorId] 276576637 [Version] 1048832 [Id] WindowsEditor(7,DESKTOP-UR3FDGG) [Debug] 1 [PackageName] WindowsEditor [ProjectName] Editor" joined alternative multi-casting on [225.0.0.222:34997]...

AS: AutoStreaming module initializing.
Refreshing native plugins compatible for Editor in 59.35 ms, found 2 plugins.
Preloading 0 native plugins for Editor in 0.00 ms.
Initialize engine version: 2021.3.23f1c1 (b82b1f861975)
[Subsystems] Discovering subsystems at path E:/tools/unity/Editor/2021.3.23f1c1/Editor/Data/Resources/UnitySubsystems
[Subsystems] Discovering subsystems at path E:/programme/unity/unityproject/mymmo/Src/Client/Assets
GfxDevice: creating device client; threaded=0; jobified=0
Direct3D:
    Version:  Direct3D 11.0 [level 11.1]
    Renderer: AMD Radeon(TM) Graphics (ID=0x1636)
    Vendor:   ATI
    VRAM:     7870 MB
    Driver:   27.20.11022.14001
Initialize mono
Mono path[0] = 'E:/tools/unity/Editor/2021.3.23f1c1/Editor/Data/Managed'
Mono path[1] = 'E:/tools/unity/Editor/2021.3.23f1c1/Editor/Data/MonoBleedingEdge/lib/mono/unityjit-win32'
Mono config path = 'E:/tools/unity/Editor/2021.3.23f1c1/Editor/Data/MonoBleedingEdge/etc'
Using monoOptions --debugger-agent=transport=dt_socket,embedding=1,server=y,suspend=n,address=127.0.0.1:56188
Begin MonoManager ReloadAssembly
Registering precompiled unity dll's ...
Register platform support module: E:/tools/unity/Editor/2021.3.23f1c1/Editor/Data/PlaybackEngines/AndroidPlayer/UnityEditor.Android.Extensions.dll
Register platform support module: E:/tools/unity/Editor/2021.3.23f1c1/Editor/Data/PlaybackEngines/WindowsStandaloneSupport/UnityEditor.WindowsStandalone.Extensions.dll
Register platform support module: E:/tools/unity/Editor/2021.3.23f1c1/Editor/Data/PlaybackEngines/MetroSupport/UnityEditor.UWP.Extensions.dll
Registered in 0.009128 seconds.
Native extension for UWP target not found
Native extension for WindowsStandalone target not found
Native extension for Android target not found
Android Extension - Scanning For ADB Devices 373 ms
Refreshing native plugins compatible for Editor in 40.29 ms, found 2 plugins.
Preloading 0 native plugins for Editor in 0.00 ms.
Mono: successfully reloaded assembly
- Completed reload, in  1.219 seconds
Domain Reload Profiling:
	ReloadAssembly (1220ms)
		BeginReloadAssembly (145ms)
			ExecutionOrderSort (0ms)
			DisableScriptedObjects (0ms)
			BackupInstance (0ms)
			ReleaseScriptingObjects (0ms)
			CreateAndSetChildDomain (1ms)
		EndReloadAssembly (929ms)
			LoadAssemblies (139ms)
			RebuildTransferFunctionScriptingTraits (0ms)
			SetupTypeCache (135ms)
			ReleaseScriptCaches (0ms)
			RebuildScriptCaches (39ms)
			SetupLoadedEditorAssemblies (679ms)
				LogAssemblyErrors (0ms)
				InitializePlatformSupportModulesInManaged (458ms)
				SetLoadedEditorAssemblies (0ms)
				RefreshPlugins (40ms)
				BeforeProcessingInitializeOnLoad (2ms)
				ProcessInitializeOnLoadAttributes (116ms)
				ProcessInitializeOnLoadMethodAttributes (63ms)
				AfterProcessingInitializeOnLoad (0ms)
				EditorAssembliesLoaded (0ms)
			ExecutionOrderSort2 (0ms)
			AwakeInstancesAfterBackupRestoration (0ms)
Platform modules already initialized, skipping
Registering precompiled user dll's ...
Registered in 0.023368 seconds.
Begin MonoManager ReloadAssembly
Symbol file LoadedFromMemory doesn't match image E:\programme\unity\unityproject\mymmo\Src\Client\Assets\References\Common.dll
Symbol file LoadedFromMemory is not a mono symbol file
Native extension for UWP target not found
Native extension for WindowsStandalone target not found
Native extension for Android target not found
Refreshing native plugins compatible for Editor in 0.71 ms, found 2 plugins.
Preloading 0 native plugins for Editor in 0.00 ms.
Mono: successfully reloaded assembly
- Completed reload, in  1.663 seconds
Domain Reload Profiling:
	ReloadAssembly (1665ms)
		BeginReloadAssembly (172ms)
			ExecutionOrderSort (0ms)
			DisableScriptedObjects (7ms)
			BackupInstance (0ms)
			ReleaseScriptingObjects (0ms)
			CreateAndSetChildDomain (30ms)
		EndReloadAssembly (1345ms)
			LoadAssemblies (156ms)
			RebuildTransferFunctionScriptingTraits (0ms)
			SetupTypeCache (249ms)
			ReleaseScriptCaches (1ms)
			RebuildScriptCaches (63ms)
			SetupLoadedEditorAssemblies (835ms)
				LogAssemblyErrors (0ms)
				InitializePlatformSupportModulesInManaged (30ms)
				SetLoadedEditorAssemblies (0ms)
				RefreshPlugins (1ms)
				BeforeProcessingInitializeOnLoad (96ms)
				ProcessInitializeOnLoadAttributes (519ms)
				ProcessInitializeOnLoadMethodAttributes (171ms)
				AfterProcessingInitializeOnLoad (18ms)
				EditorAssembliesLoaded (0ms)
			ExecutionOrderSort2 (0ms)
			AwakeInstancesAfterBackupRestoration (9ms)
Platform modules already initialized, skipping
========================================================================
Worker process is ready to serve import requests
Launched and connected shader compiler UnityShaderCompiler.exe after 0.06 seconds
Refreshing native plugins compatible for Editor in 0.69 ms, found 2 plugins.
Preloading 0 native plugins for Editor in 0.00 ms.
Unloading 2231 Unused Serialized files (Serialized files now loaded: 0)
Unloading 56 unused Assets / (58.0 KB). Loaded Objects now: 2697.
Memory consumption went from 100.9 MB to 100.8 MB.
Total: 8.955400 ms (FindLiveObjects: 0.252400 ms CreateObjectMapping: 0.062900 ms MarkObjects: 8.445800 ms  DeleteObjects: 0.191600 ms)

AssetImportParameters requested are different than current active one (requested -> active):
  custom:video-decoder-ogg-theora: a1e56fd34408186e4bbccfd4996cb3dc -> 
  custom:container-muxer-webm: aa71ff27fc2769a1b78a27578f13a17b -> 
  custom:container-demuxer-webm: 4f35f7cbe854078d1ac9338744f61a02 -> 
  custom:video-encoder-webm-vp8: eb34c28f22e8b96e1ab97ce403110664 -> 
  custom:audio-encoder-webm-vorbis: bf7c407c2cedff20999df2af8eb42d56 -> 
  custom:framework-win-MediaFoundation: 216162199b28c13a410421893ffa2e32 -> 
  custom:container-demuxer-ogg: 62fdf1f143b41e24485cea50d1cbac27 -> 
  custom:video-decoder-webm-vp8: 9c59270c3fd7afecdb556c50c9e8de78 -> 
  custom:audio-decoder-ogg-vorbis: bf7c407c2cedff20999df2af8eb42d56 -> 
========================================================================
Received Import Request.
  Time since last request: 270169.659411 seconds.
  path: Assets/Levels/MainCity/Models/texture/n_034.tga
  artifactKey: Guid(addf24c1e3f40564dbad0b159133b8a5) Importer(815301076,1909f56bfc062723c751e8b465ee728b)
Start importing Assets/Levels/MainCity/Models/texture/n_034.tga using Guid(addf24c1e3f40564dbad0b159133b8a5) Importer(815301076,1909f56bfc062723c751e8b465ee728b)  -> (artifact id: '880b7438388347d9a6e406f537ece869') in 0.115382 seconds 
========================================================================
Received Import Request.
  Time since last request: 0.000064 seconds.
  path: Assets/Levels/Map03/Textures/section03_guanka10dimian1_5.tga
  artifactKey: Guid(60c87a26fbb5b004d95d6c7cf157b927) Importer(815301076,1909f56bfc062723c751e8b465ee728b)
Start importing Assets/Levels/Map03/Textures/section03_guanka10dimian1_5.tga using Guid(60c87a26fbb5b004d95d6c7cf157b927) Importer(815301076,1909f56bfc062723c751e8b465ee728b)  -> (artifact id: '87df62f321a51f78638744bada120861') in 0.018055 seconds 
========================================================================
Received Import Request.
  Time since last request: 0.911115 seconds.
  path: Assets/Levels/MainCity/Models/texture/stsm_build_001.tga
  artifactKey: Guid(05679ec519fc07f40aabf804bc6bf7f3) Importer(815301076,1909f56bfc062723c751e8b465ee728b)
Start importing Assets/Levels/MainCity/Models/texture/stsm_build_001.tga using Guid(05679ec519fc07f40aabf804bc6bf7f3) Importer(815301076,1909f56bfc062723c751e8b465ee728b)  -> (artifact id: 'bcf3f56e6f6d810e5f5588b9d443a0c8') in 0.019670 seconds 
========================================================================
Received Import Request.
  Time since last request: 0.311717 seconds.
  path: Assets/Levels/Map02/Textures/stsm_plant_shuye_001.tga
  artifactKey: Guid(b1dcf867e23288f418e610a84dbb1f6f) Importer(815301076,1909f56bfc062723c751e8b465ee728b)
Start importing Assets/Levels/Map02/Textures/stsm_plant_shuye_001.tga using Guid(b1dcf867e23288f418e610a84dbb1f6f) Importer(815301076,1909f56bfc062723c751e8b465ee728b)  -> (artifact id: '4d3c0c9179180abbc238b188431896eb') in 0.013444 seconds 
========================================================================
Received Import Request.
  Time since last request: 0.000032 seconds.
  path: Assets/Levels/MainCity/Models/texture/terrain/terrain_grass001.tga
  artifactKey: Guid(cf82140a6be001f46ac3b64bec55535f) Importer(815301076,1909f56bfc062723c751e8b465ee728b)
Start importing Assets/Levels/MainCity/Models/texture/terrain/terrain_grass001.tga using Guid(cf82140a6be001f46ac3b64bec55535f) Importer(815301076,1909f56bfc062723c751e8b465ee728b)  -> (artifact id: '36d6a2c62e5e07da8ff0169dfe0aafbc') in 0.014838 seconds 
========================================================================
Received Import Request.
  Time since last request: 0.007654 seconds.
  path: Assets/Levels/MainCity/Textures/terrain_yewai_shitou_jiemian_02.png
  artifactKey: Guid(d79e27879be36a940a6c2d547e8ff47f) Importer(815301076,1909f56bfc062723c751e8b465ee728b)
Start importing Assets/Levels/MainCity/Textures/terrain_yewai_shitou_jiemian_02.png using Guid(d79e27879be36a940a6c2d547e8ff47f) Importer(815301076,1909f56bfc062723c751e8b465ee728b)  -> (artifact id: '456875b8e962647cf4b6096f644c7bf4') in 0.017769 seconds 
========================================================================
Received Import Request.
  Time since last request: 0.000075 seconds.
  path: Assets/UI/Common/title_bg_n.png
  artifactKey: Guid(e951d50f88747a3488ed15d29ce12cea) Importer(815301076,1909f56bfc062723c751e8b465ee728b)
Start importing Assets/UI/Common/title_bg_n.png using Guid(e951d50f88747a3488ed15d29ce12cea) Importer(815301076,1909f56bfc062723c751e8b465ee728b)  -> (artifact id: '01867434f37768c83797244bc584064b') in 0.077919 seconds 
========================================================================
Received Import Request.
  Time since last request: 0.453862 seconds.
  path: Assets/Levels/MainCity/Models/texture/yizi.png
  artifactKey: Guid(78d63b3faf7365f4ca715be9d09928ff) Importer(815301076,1909f56bfc062723c751e8b465ee728b)
Start importing Assets/Levels/MainCity/Models/texture/yizi.png using Guid(78d63b3faf7365f4ca715be9d09928ff) Importer(815301076,1909f56bfc062723c751e8b465ee728b)  -> (artifact id: '55f2200d548785ed90e4904dd140a14a') in 0.013183 seconds 
========================================================================
Received Import Request.
  Time since last request: 0.016765 seconds.
  path: Assets/Levels/MainCity/Models/texture/zhangpeng.png
  artifactKey: Guid(4aa278bbaecb77740bc47c5110fcc027) Importer(815301076,1909f56bfc062723c751e8b465ee728b)
Start importing Assets/Levels/MainCity/Models/texture/zhangpeng.png using Guid(4aa278bbaecb77740bc47c5110fcc027) Importer(815301076,1909f56bfc062723c751e8b465ee728b)  -> (artifact id: 'e7f57ecc870c7230c3669380f3276cfd') in 0.012835 seconds 
========================================================================
Received Import Request.
  Time since last request: 1.329695 seconds.
  path: Assets/Levels/MainCity/Models/texture/mache.png
  artifactKey: Guid(35d3943136c4ee844a6a9914083a57b0) Importer(815301076,1909f56bfc062723c751e8b465ee728b)
Start importing Assets/Levels/MainCity/Models/texture/mache.png using Guid(35d3943136c4ee844a6a9914083a57b0) Importer(815301076,1909f56bfc062723c751e8b465ee728b)  -> (artifact id: '77770a44280237aa84559303e7505a5e') in 0.012563 seconds 
========================================================================
Received Import Request.
  Time since last request: 157.579085 seconds.
  path: Assets/UI/Fonts/numbers.png
  artifactKey: Guid(bd7d0663d9703cd41a5050c2bb73b319) Importer(815301076,1909f56bfc062723c751e8b465ee728b)
Start importing Assets/UI/Fonts/numbers.png using Guid(bd7d0663d9703cd41a5050c2bb73b319) Importer(815301076,1909f56bfc062723c751e8b465ee728b)  -> (artifact id: '0f577eb07162d8a8aa9cee99c531f180') in 0.041277 seconds 
