Using pre-set license
Built from '2021.3/china_unity/release' branch; Version is '2021.3.23f1c1 (b82b1f861975) revision 12069663'; Using compiler version '192829333'; Build Type 'Release'
OS: 'Windows 10  (10.0.19045) 64bit Professional' Language: 'zh' Physical Memory: 15741 MB
BatchMode: 1, IsHumanControllingUs: 0, StartBugReporterOnCrash: 0, Is64bit: 1, IsPro: 1

COMMAND LINE ARGUMENTS:
E:\tools\unity\Editor\2021.3.23f1c1\Editor\Unity.exe
-adb2
-batchMode
-noUpm
-name
AssetImportWorker3
-projectPath
E:/programme/unity/unityproject/mymmo/Src/Client
-logFile
Logs/AssetImportWorker3.log
-srvPort
1618
Successfully changed project path to: E:/programme/unity/unityproject/mymmo/Src/Client
E:/programme/unity/unityproject/mymmo/Src/Client
[UnityMemory] Configuration Parameters - Can be set up in boot.config
    "memorysetup-bucket-allocator-granularity=16"
    "memorysetup-bucket-allocator-bucket-count=8"
    "memorysetup-bucket-allocator-block-size=33554432"
    "memorysetup-bucket-allocator-block-count=8"
    "memorysetup-main-allocator-block-size=16777216"
    "memorysetup-thread-allocator-block-size=16777216"
    "memorysetup-gfx-main-allocator-block-size=16777216"
    "memorysetup-gfx-thread-allocator-block-size=16777216"
    "memorysetup-cache-allocator-block-size=4194304"
    "memorysetup-typetree-allocator-block-size=2097152"
    "memorysetup-profiler-bucket-allocator-granularity=16"
    "memorysetup-profiler-bucket-allocator-bucket-count=8"
    "memorysetup-profiler-bucket-allocator-block-size=33554432"
    "memorysetup-profiler-bucket-allocator-block-count=8"
    "memorysetup-profiler-allocator-block-size=16777216"
    "memorysetup-profiler-editor-allocator-block-size=1048576"
    "memorysetup-temp-allocator-size-main=16777216"
    "memorysetup-job-temp-allocator-block-size=2097152"
    "memorysetup-job-temp-allocator-block-size-background=1048576"
    "memorysetup-job-temp-allocator-reduction-small-platforms=262144"
    "memorysetup-temp-allocator-size-background-worker=32768"
    "memorysetup-temp-allocator-size-job-worker=262144"
    "memorysetup-temp-allocator-size-preload-manager=33554432"
    "memorysetup-temp-allocator-size-nav-mesh-worker=65536"
    "memorysetup-temp-allocator-size-audio-worker=65536"
    "memorysetup-temp-allocator-size-cloud-worker=32768"
    "memorysetup-temp-allocator-size-gi-baking-worker=262144"
    "memorysetup-temp-allocator-size-gfx=262144"
Player connection [16268] Host "[IP] 192.168.0.110 [Port] 0 [Flags] 2 [Guid] 1815648160 [EditorId] 1815648160 [Version] 1048832 [Id] WindowsEditor(7,DESKTOP-UR3FDGG) [Debug] 1 [PackageName] WindowsEditor [ProjectName] Editor" joined multi-casting on [225.0.0.222:54997]...

Player connection [16268] Host "[IP] 192.168.0.110 [Port] 0 [Flags] 2 [Guid] 1815648160 [EditorId] 1815648160 [Version] 1048832 [Id] WindowsEditor(7,DESKTOP-UR3FDGG) [Debug] 1 [PackageName] WindowsEditor [ProjectName] Editor" joined alternative multi-casting on [225.0.0.222:34997]...

AS: AutoStreaming module initializing.
Refreshing native plugins compatible for Editor in 79.45 ms, found 2 plugins.
Preloading 0 native plugins for Editor in 0.00 ms.
Initialize engine version: 2021.3.23f1c1 (b82b1f861975)
[Subsystems] Discovering subsystems at path E:/tools/unity/Editor/2021.3.23f1c1/Editor/Data/Resources/UnitySubsystems
[Subsystems] Discovering subsystems at path E:/programme/unity/unityproject/mymmo/Src/Client/Assets
GfxDevice: creating device client; threaded=0; jobified=0
Direct3D:
    Version:  Direct3D 11.0 [level 11.1]
    Renderer: AMD Radeon(TM) Graphics (ID=0x1636)
    Vendor:   ATI
    VRAM:     7870 MB
    Driver:   27.20.11022.14001
Initialize mono
Mono path[0] = 'E:/tools/unity/Editor/2021.3.23f1c1/Editor/Data/Managed'
Mono path[1] = 'E:/tools/unity/Editor/2021.3.23f1c1/Editor/Data/MonoBleedingEdge/lib/mono/unityjit-win32'
Mono config path = 'E:/tools/unity/Editor/2021.3.23f1c1/Editor/Data/MonoBleedingEdge/etc'
Using monoOptions --debugger-agent=transport=dt_socket,embedding=1,server=y,suspend=n,address=127.0.0.1:56536
Begin MonoManager ReloadAssembly
Registering precompiled unity dll's ...
Register platform support module: E:/tools/unity/Editor/2021.3.23f1c1/Editor/Data/PlaybackEngines/AndroidPlayer/UnityEditor.Android.Extensions.dll
Register platform support module: E:/tools/unity/Editor/2021.3.23f1c1/Editor/Data/PlaybackEngines/WindowsStandaloneSupport/UnityEditor.WindowsStandalone.Extensions.dll
Register platform support module: E:/tools/unity/Editor/2021.3.23f1c1/Editor/Data/PlaybackEngines/MetroSupport/UnityEditor.UWP.Extensions.dll
Registered in 0.012230 seconds.
Native extension for UWP target not found
Native extension for WindowsStandalone target not found
Native extension for Android target not found
Android Extension - Scanning For ADB Devices 363 ms
Refreshing native plugins compatible for Editor in 35.14 ms, found 2 plugins.
Preloading 0 native plugins for Editor in 0.00 ms.
Mono: successfully reloaded assembly
- Completed reload, in  1.198 seconds
Domain Reload Profiling:
	ReloadAssembly (1199ms)
		BeginReloadAssembly (179ms)
			ExecutionOrderSort (0ms)
			DisableScriptedObjects (0ms)
			BackupInstance (0ms)
			ReleaseScriptingObjects (0ms)
			CreateAndSetChildDomain (2ms)
		EndReloadAssembly (881ms)
			LoadAssemblies (174ms)
			RebuildTransferFunctionScriptingTraits (0ms)
			SetupTypeCache (130ms)
			ReleaseScriptCaches (0ms)
			RebuildScriptCaches (37ms)
			SetupLoadedEditorAssemblies (639ms)
				LogAssemblyErrors (0ms)
				InitializePlatformSupportModulesInManaged (442ms)
				SetLoadedEditorAssemblies (0ms)
				RefreshPlugins (35ms)
				BeforeProcessingInitializeOnLoad (1ms)
				ProcessInitializeOnLoadAttributes (110ms)
				ProcessInitializeOnLoadMethodAttributes (49ms)
				AfterProcessingInitializeOnLoad (0ms)
				EditorAssembliesLoaded (0ms)
			ExecutionOrderSort2 (0ms)
			AwakeInstancesAfterBackupRestoration (0ms)
Platform modules already initialized, skipping
Registering precompiled user dll's ...
Registered in 0.021908 seconds.
Begin MonoManager ReloadAssembly
Symbol file LoadedFromMemory doesn't match image E:\programme\unity\unityproject\mymmo\Src\Client\Assets\References\Common.dll
Symbol file LoadedFromMemory is not a mono symbol file
Native extension for UWP target not found
Native extension for WindowsStandalone target not found
Native extension for Android target not found
Refreshing native plugins compatible for Editor in 0.69 ms, found 2 plugins.
Preloading 0 native plugins for Editor in 0.00 ms.
Mono: successfully reloaded assembly
- Completed reload, in  1.567 seconds
Domain Reload Profiling:
	ReloadAssembly (1568ms)
		BeginReloadAssembly (158ms)
			ExecutionOrderSort (0ms)
			DisableScriptedObjects (6ms)
			BackupInstance (0ms)
			ReleaseScriptingObjects (0ms)
			CreateAndSetChildDomain (25ms)
		EndReloadAssembly (1267ms)
			LoadAssemblies (195ms)
			RebuildTransferFunctionScriptingTraits (0ms)
			SetupTypeCache (221ms)
			ReleaseScriptCaches (1ms)
			RebuildScriptCaches (59ms)
			SetupLoadedEditorAssemblies (758ms)
				LogAssemblyErrors (0ms)
				InitializePlatformSupportModulesInManaged (25ms)
				SetLoadedEditorAssemblies (0ms)
				RefreshPlugins (1ms)
				BeforeProcessingInitializeOnLoad (88ms)
				ProcessInitializeOnLoadAttributes (468ms)
				ProcessInitializeOnLoadMethodAttributes (159ms)
				AfterProcessingInitializeOnLoad (16ms)
				EditorAssembliesLoaded (0ms)
			ExecutionOrderSort2 (0ms)
			AwakeInstancesAfterBackupRestoration (7ms)
Platform modules already initialized, skipping
========================================================================
Worker process is ready to serve import requests
Launched and connected shader compiler UnityShaderCompiler.exe after 0.06 seconds
Refreshing native plugins compatible for Editor in 0.68 ms, found 2 plugins.
Preloading 0 native plugins for Editor in 0.00 ms.
Unloading 2231 Unused Serialized files (Serialized files now loaded: 0)
Unloading 56 unused Assets / (57.1 KB). Loaded Objects now: 2675.
Memory consumption went from 88.0 MB to 87.9 MB.
Total: 8.358400 ms (FindLiveObjects: 0.225700 ms CreateObjectMapping: 0.058500 ms MarkObjects: 7.927800 ms  DeleteObjects: 0.145000 ms)

AssetImportParameters requested are different than current active one (requested -> active):
  custom:video-decoder-ogg-theora: a1e56fd34408186e4bbccfd4996cb3dc -> 
  custom:container-muxer-webm: aa71ff27fc2769a1b78a27578f13a17b -> 
  custom:container-demuxer-webm: 4f35f7cbe854078d1ac9338744f61a02 -> 
  custom:video-encoder-webm-vp8: eb34c28f22e8b96e1ab97ce403110664 -> 
  custom:audio-encoder-webm-vorbis: bf7c407c2cedff20999df2af8eb42d56 -> 
  custom:framework-win-MediaFoundation: 216162199b28c13a410421893ffa2e32 -> 
  custom:container-demuxer-ogg: 62fdf1f143b41e24485cea50d1cbac27 -> 
  custom:video-decoder-webm-vp8: 9c59270c3fd7afecdb556c50c9e8de78 -> 
  custom:audio-decoder-ogg-vorbis: bf7c407c2cedff20999df2af8eb42d56 -> 
========================================================================
Received Import Request.
  Time since last request: 270135.102031 seconds.
  path: Assets/Levels/MainCity/Models/texture/44614a76.dds
  artifactKey: Guid(2579b66953dfd2843b9f72555e2cdc69) Importer(815301076,1909f56bfc062723c751e8b465ee728b)
Start importing Assets/Levels/MainCity/Models/texture/44614a76.dds using Guid(2579b66953dfd2843b9f72555e2cdc69) Importer(815301076,1909f56bfc062723c751e8b465ee728b)  -> (artifact id: 'c7116c84ac2e1b5cff48a2d5b7d5a2fa') in 0.283027 seconds 
========================================================================
Received Import Request.
  Time since last request: 0.730756 seconds.
  path: Assets/Levels/MainCity/Textures/I1_Ground_Forest.(Texture).png
  artifactKey: Guid(f45b6b1428b522c4591014b8693a82f7) Importer(815301076,1909f56bfc062723c751e8b465ee728b)
Start importing Assets/Levels/MainCity/Textures/I1_Ground_Forest.(Texture).png using Guid(f45b6b1428b522c4591014b8693a82f7) Importer(815301076,1909f56bfc062723c751e8b465ee728b)  -> (artifact id: 'cb771fa3756c321867c8bee290772d19') in 0.014742 seconds 
========================================================================
Received Import Request.
  Time since last request: 0.318854 seconds.
  path: Assets/Levels/MainCity/Models/texture/lensFlareSheet1.tga
  artifactKey: Guid(bad133499a2edbd499fd21e7c713e47d) Importer(815301076,1909f56bfc062723c751e8b465ee728b)
Start importing Assets/Levels/MainCity/Models/texture/lensFlareSheet1.tga using Guid(bad133499a2edbd499fd21e7c713e47d) Importer(815301076,1909f56bfc062723c751e8b465ee728b)  -> (artifact id: '03d1993fd1d044e4e29c2a31b2904a5d') in 0.015062 seconds 
========================================================================
Received Import Request.
  Time since last request: 0.020923 seconds.
  path: Assets/Levels/Map02/Lightmap-0_comp_light.exr
  artifactKey: Guid(e49e2e23caa2bd04584bc070f2d7b473) Importer(815301076,1909f56bfc062723c751e8b465ee728b)
Start importing Assets/Levels/Map02/Lightmap-0_comp_light.exr using Guid(e49e2e23caa2bd04584bc070f2d7b473) Importer(815301076,1909f56bfc062723c751e8b465ee728b)  -> (artifact id: '5e9e2e5d98b0fcf5b4f21f7004c5b0f3') in 0.058263 seconds 
========================================================================
Received Import Request.
  Time since last request: 0.000032 seconds.
  path: Assets/Levels/Map03/Lightmap-0_comp_light.exr
  artifactKey: Guid(c49ffd42319029449b37829925875008) Importer(815301076,1909f56bfc062723c751e8b465ee728b)
Start importing Assets/Levels/Map03/Lightmap-0_comp_light.exr using Guid(c49ffd42319029449b37829925875008) Importer(815301076,1909f56bfc062723c751e8b465ee728b)  -> (artifact id: '4f6ccf0390c2ff5c08dee523a141c637') in 0.057441 seconds 
========================================================================
Received Import Request.
  Time since last request: 0.000049 seconds.
  path: Assets/Levels/MainCity/Lightmap-1_comp_light.exr
  artifactKey: Guid(8e2d66b61bf0e9c46981d7a7d89a2b12) Importer(815301076,1909f56bfc062723c751e8b465ee728b)
Start importing Assets/Levels/MainCity/Lightmap-1_comp_light.exr using Guid(8e2d66b61bf0e9c46981d7a7d89a2b12) Importer(815301076,1909f56bfc062723c751e8b465ee728b)  -> (artifact id: 'd6e2aa881d69f20c9ec6c638d79d58a7') in 0.030298 seconds 
========================================================================
Received Import Request.
  Time since last request: 32.973270 seconds.
  path: Assets/Levels/Map03/Textures/section03_guanka10dimian1_2.tga
  artifactKey: Guid(d6c2dc5315dfd0f47ba7455ec0e2c488) Importer(815301076,1909f56bfc062723c751e8b465ee728b)
Start importing Assets/Levels/Map03/Textures/section03_guanka10dimian1_2.tga using Guid(d6c2dc5315dfd0f47ba7455ec0e2c488) Importer(815301076,1909f56bfc062723c751e8b465ee728b)  -> (artifact id: 'e589305f519d4488103ab17fd31fce80') in 0.012686 seconds 
========================================================================
Received Import Request.
  Time since last request: 0.000037 seconds.
  path: Assets/Levels/MainCity/Textures/skybox_yun_01.tga
  artifactKey: Guid(272176d8a8697fb40ad11bad20dc71c8) Importer(815301076,1909f56bfc062723c751e8b465ee728b)
Start importing Assets/Levels/MainCity/Textures/skybox_yun_01.tga using Guid(272176d8a8697fb40ad11bad20dc71c8) Importer(815301076,1909f56bfc062723c751e8b465ee728b)  -> (artifact id: '3d4c8ca9ae4d3dd65aade3c202e98b39') in 0.012602 seconds 
========================================================================
Received Import Request.
  Time since last request: 0.000025 seconds.
  path: Assets/Levels/MainCity/Models/terrain/stsm.asset
  artifactKey: Guid(3702b32abff70374aa17ee88fe79d1c1) Importer(815301076,1909f56bfc062723c751e8b465ee728b)
Start importing Assets/Levels/MainCity/Models/terrain/stsm.asset using Guid(3702b32abff70374aa17ee88fe79d1c1) Importer(815301076,1909f56bfc062723c751e8b465ee728b)  -> (artifact id: '7064da8df2f4419c5e0513fccf206e93') in 0.024159 seconds 
========================================================================
Received Import Request.
  Time since last request: 0.000040 seconds.
  path: Assets/Levels/Map03/Textures/section03_guanka10dimian1_4.tga
  artifactKey: Guid(1f13cb14f919dde47b31b7dd2ed857f0) Importer(815301076,1909f56bfc062723c751e8b465ee728b)
Start importing Assets/Levels/Map03/Textures/section03_guanka10dimian1_4.tga using Guid(1f13cb14f919dde47b31b7dd2ed857f0) Importer(815301076,1909f56bfc062723c751e8b465ee728b)  -> (artifact id: '3754dd3e6e7326c985b89a1aa98f7266') in 0.014484 seconds 
========================================================================
Received Import Request.
  Time since last request: 0.000022 seconds.
  path: Assets/Levels/Map03/Textures/section03_guanka10dimian1_3.tga
  artifactKey: Guid(57f4c87eba27c0a43bf6411622a894b4) Importer(815301076,1909f56bfc062723c751e8b465ee728b)
Start importing Assets/Levels/Map03/Textures/section03_guanka10dimian1_3.tga using Guid(57f4c87eba27c0a43bf6411622a894b4) Importer(815301076,1909f56bfc062723c751e8b465ee728b)  -> (artifact id: '48a2cca3d0603507de7736ba40b01428') in 0.018265 seconds 
========================================================================
Received Import Request.
  Time since last request: 0.932706 seconds.
  path: Assets/Levels/MainCity/Models/texture/stsm_build_paihangbang_001.tga
  artifactKey: Guid(4f2e1157c8b57f744bf46792666da252) Importer(815301076,1909f56bfc062723c751e8b465ee728b)
Start importing Assets/Levels/MainCity/Models/texture/stsm_build_paihangbang_001.tga using Guid(4f2e1157c8b57f744bf46792666da252) Importer(815301076,1909f56bfc062723c751e8b465ee728b)  -> (artifact id: 'c0948540e2038e4b49b67c57e599a3ed') in 0.015619 seconds 
========================================================================
Received Import Request.
  Time since last request: 0.316512 seconds.
  path: Assets/Levels/MainCity/Models/texture/terrain_02.png
  artifactKey: Guid(0c3d5b9e117625b4da259bd822726fbe) Importer(815301076,1909f56bfc062723c751e8b465ee728b)
Start importing Assets/Levels/MainCity/Models/texture/terrain_02.png using Guid(0c3d5b9e117625b4da259bd822726fbe) Importer(815301076,1909f56bfc062723c751e8b465ee728b)  -> (artifact id: '6c3c1c690d8c0946fb7a1e2cb1a61e16') in 0.013490 seconds 
========================================================================
Received Import Request.
  Time since last request: 0.000094 seconds.
  path: Assets/Levels/MainCity/Textures/terrain_section03_guanka06_04.tga
  artifactKey: Guid(b54d665a579be8541b803d7cce84e2b9) Importer(815301076,1909f56bfc062723c751e8b465ee728b)
Start importing Assets/Levels/MainCity/Textures/terrain_section03_guanka06_04.tga using Guid(b54d665a579be8541b803d7cce84e2b9) Importer(815301076,1909f56bfc062723c751e8b465ee728b)  -> (artifact id: '4def3c3c757aa060cbf01f6dd428964e') in 0.013992 seconds 
========================================================================
Received Import Request.
  Time since last request: 0.007871 seconds.
  path: Assets/UI/Common/title_bg_hl.png
  artifactKey: Guid(40e2832c94cd80e40b8356555f069987) Importer(815301076,1909f56bfc062723c751e8b465ee728b)
Start importing Assets/UI/Common/title_bg_hl.png using Guid(40e2832c94cd80e40b8356555f069987) Importer(815301076,1909f56bfc062723c751e8b465ee728b)  -> (artifact id: '62496c58d63d40ce3396b66d77756849') in 0.038258 seconds 
========================================================================
Received Import Request.
  Time since last request: 0.000223 seconds.
  path: Assets/UI/Common/ui_button_yello.png
  artifactKey: Guid(265143f899db812429c69de63e14e79b) Importer(815301076,1909f56bfc062723c751e8b465ee728b)
Start importing Assets/UI/Common/ui_button_yello.png using Guid(265143f899db812429c69de63e14e79b) Importer(815301076,1909f56bfc062723c751e8b465ee728b)  -> (artifact id: 'bf1d13faeb6b540b6a7086de389ae3e4') in 0.017061 seconds 
========================================================================
Received Import Request.
  Time since last request: 0.000082 seconds.
  path: Packages/com.unity.purchasing/Icons/UnityEngine.Purchasing.IAPButtonIcon.png
  artifactKey: Guid(55e457740fe60405dac77af143e1a867) Importer(815301076,1909f56bfc062723c751e8b465ee728b)
Start importing Packages/com.unity.purchasing/Icons/UnityEngine.Purchasing.IAPButtonIcon.png using Guid(55e457740fe60405dac77af143e1a867) Importer(815301076,1909f56bfc062723c751e8b465ee728b)  -> (artifact id: '9d44f9efea918ad6a0e2e1c56c1d3adc') in 0.013877 seconds 
========================================================================
Received Import Request.
  Time since last request: 0.000024 seconds.
  path: Assets/Levels/Map02/Textures/xsc_plant001.tga
  artifactKey: Guid(9fd7f9fa1b0a5e840ba7d08a8c6ccdef) Importer(815301076,1909f56bfc062723c751e8b465ee728b)
Start importing Assets/Levels/Map02/Textures/xsc_plant001.tga using Guid(9fd7f9fa1b0a5e840ba7d08a8c6ccdef) Importer(815301076,1909f56bfc062723c751e8b465ee728b)  -> (artifact id: 'a1c1126ddd0dceb0a0df5e0700d35c41') in 0.018392 seconds 
Editor requested this worker to shutdown with reason: Scaling down because of idle timeout
AssetImportWorker is now disconnected from the server
Process exiting
Exiting without the bug reporter. Application will terminate with return code 0