Using pre-set license
Built from '2021.3/china_unity/release' branch; Version is '2021.3.23f1c1 (b82b1f861975) revision 12069663'; Using compiler version '192829333'; Build Type 'Release'
OS: 'Windows 10  (10.0.19045) 64bit Professional' Language: 'zh' Physical Memory: 15741 MB
BatchMode: 1, IsHumanControllingUs: 0, StartBugReporterOnCrash: 0, Is64bit: 1, IsPro: 1

COMMAND LINE ARGUMENTS:
E:\tools\unity\Editor\2021.3.23f1c1\Editor\Unity.exe
-adb2
-batchMode
-noUpm
-name
AssetImportWorker1
-projectPath
E:/programme/unity/unityproject/mymmo/Src/Client
-logFile
Logs/AssetImportWorker1.log
-srvPort
5129
Successfully changed project path to: E:/programme/unity/unityproject/mymmo/Src/Client
E:/programme/unity/unityproject/mymmo/Src/Client
[UnityMemory] Configuration Parameters - Can be set up in boot.config
    "memorysetup-bucket-allocator-granularity=16"
    "memorysetup-bucket-allocator-bucket-count=8"
    "memorysetup-bucket-allocator-block-size=33554432"
    "memorysetup-bucket-allocator-block-count=8"
    "memorysetup-main-allocator-block-size=16777216"
    "memorysetup-thread-allocator-block-size=16777216"
    "memorysetup-gfx-main-allocator-block-size=16777216"
    "memorysetup-gfx-thread-allocator-block-size=16777216"
    "memorysetup-cache-allocator-block-size=4194304"
    "memorysetup-typetree-allocator-block-size=2097152"
    "memorysetup-profiler-bucket-allocator-granularity=16"
    "memorysetup-profiler-bucket-allocator-bucket-count=8"
    "memorysetup-profiler-bucket-allocator-block-size=33554432"
    "memorysetup-profiler-bucket-allocator-block-count=8"
    "memorysetup-profiler-allocator-block-size=16777216"
    "memorysetup-profiler-editor-allocator-block-size=1048576"
    "memorysetup-temp-allocator-size-main=16777216"
    "memorysetup-job-temp-allocator-block-size=2097152"
    "memorysetup-job-temp-allocator-block-size-background=1048576"
    "memorysetup-job-temp-allocator-reduction-small-platforms=262144"
    "memorysetup-temp-allocator-size-background-worker=32768"
    "memorysetup-temp-allocator-size-job-worker=262144"
    "memorysetup-temp-allocator-size-preload-manager=33554432"
    "memorysetup-temp-allocator-size-nav-mesh-worker=65536"
    "memorysetup-temp-allocator-size-audio-worker=65536"
    "memorysetup-temp-allocator-size-cloud-worker=32768"
    "memorysetup-temp-allocator-size-gi-baking-worker=262144"
    "memorysetup-temp-allocator-size-gfx=262144"
Player connection [16324] Host "[IP] 192.168.0.113 [Port] 0 [Flags] 2 [Guid] 3817048812 [EditorId] 3817048812 [Version] 1048832 [Id] WindowsEditor(7,DESKTOP-UR3FDGG) [Debug] 1 [PackageName] WindowsEditor [ProjectName] Editor" joined multi-casting on [225.0.0.222:54997]...

Player connection [16324] Host "[IP] 192.168.0.113 [Port] 0 [Flags] 2 [Guid] 3817048812 [EditorId] 3817048812 [Version] 1048832 [Id] WindowsEditor(7,DESKTOP-UR3FDGG) [Debug] 1 [PackageName] WindowsEditor [ProjectName] Editor" joined alternative multi-casting on [225.0.0.222:34997]...

AS: AutoStreaming module initializing.
Refreshing native plugins compatible for Editor in 60.66 ms, found 2 plugins.
Preloading 0 native plugins for Editor in 0.00 ms.
Initialize engine version: 2021.3.23f1c1 (b82b1f861975)
[Subsystems] Discovering subsystems at path E:/tools/unity/Editor/2021.3.23f1c1/Editor/Data/Resources/UnitySubsystems
[Subsystems] Discovering subsystems at path E:/programme/unity/unityproject/mymmo/Src/Client/Assets
GfxDevice: creating device client; threaded=0; jobified=0
Direct3D:
    Version:  Direct3D 11.0 [level 11.1]
    Renderer: AMD Radeon(TM) Graphics (ID=0x1636)
    Vendor:   ATI
    VRAM:     7870 MB
    Driver:   27.20.11022.14001
Initialize mono
Mono path[0] = 'E:/tools/unity/Editor/2021.3.23f1c1/Editor/Data/Managed'
Mono path[1] = 'E:/tools/unity/Editor/2021.3.23f1c1/Editor/Data/MonoBleedingEdge/lib/mono/unityjit-win32'
Mono config path = 'E:/tools/unity/Editor/2021.3.23f1c1/Editor/Data/MonoBleedingEdge/etc'
Using monoOptions --debugger-agent=transport=dt_socket,embedding=1,server=y,suspend=n,address=127.0.0.1:56640
Begin MonoManager ReloadAssembly
Registering precompiled unity dll's ...
Register platform support module: E:/tools/unity/Editor/2021.3.23f1c1/Editor/Data/PlaybackEngines/AndroidPlayer/UnityEditor.Android.Extensions.dll
Register platform support module: E:/tools/unity/Editor/2021.3.23f1c1/Editor/Data/PlaybackEngines/WindowsStandaloneSupport/UnityEditor.WindowsStandalone.Extensions.dll
Register platform support module: E:/tools/unity/Editor/2021.3.23f1c1/Editor/Data/PlaybackEngines/MetroSupport/UnityEditor.UWP.Extensions.dll
Registered in 0.008613 seconds.
Native extension for UWP target not found
Native extension for WindowsStandalone target not found
Native extension for Android target not found
Android Extension - Scanning For ADB Devices 399 ms
Refreshing native plugins compatible for Editor in 43.17 ms, found 2 plugins.
Preloading 0 native plugins for Editor in 0.00 ms.
Mono: successfully reloaded assembly
- Completed reload, in  1.252 seconds
Domain Reload Profiling:
	ReloadAssembly (1253ms)
		BeginReloadAssembly (163ms)
			ExecutionOrderSort (0ms)
			DisableScriptedObjects (0ms)
			BackupInstance (0ms)
			ReleaseScriptingObjects (0ms)
			CreateAndSetChildDomain (1ms)
		EndReloadAssembly (940ms)
			LoadAssemblies (158ms)
			RebuildTransferFunctionScriptingTraits (0ms)
			SetupTypeCache (141ms)
			ReleaseScriptCaches (0ms)
			RebuildScriptCaches (37ms)
			SetupLoadedEditorAssemblies (686ms)
				LogAssemblyErrors (0ms)
				InitializePlatformSupportModulesInManaged (480ms)
				SetLoadedEditorAssemblies (0ms)
				RefreshPlugins (43ms)
				BeforeProcessingInitializeOnLoad (1ms)
				ProcessInitializeOnLoadAttributes (108ms)
				ProcessInitializeOnLoadMethodAttributes (53ms)
				AfterProcessingInitializeOnLoad (0ms)
				EditorAssembliesLoaded (0ms)
			ExecutionOrderSort2 (0ms)
			AwakeInstancesAfterBackupRestoration (0ms)
Platform modules already initialized, skipping
Registering precompiled user dll's ...
Registered in 0.021280 seconds.
Begin MonoManager ReloadAssembly
Symbol file LoadedFromMemory doesn't match image E:\programme\unity\unityproject\mymmo\Src\Client\Assets\References\Common.dll
Symbol file LoadedFromMemory is not a mono symbol file
Native extension for UWP target not found
Native extension for WindowsStandalone target not found
Native extension for Android target not found
Refreshing native plugins compatible for Editor in 0.69 ms, found 2 plugins.
Preloading 0 native plugins for Editor in 0.00 ms.
Mono: successfully reloaded assembly
- Completed reload, in  1.782 seconds
Domain Reload Profiling:
	ReloadAssembly (1783ms)
		BeginReloadAssembly (224ms)
			ExecutionOrderSort (0ms)
			DisableScriptedObjects (7ms)
			BackupInstance (0ms)
			ReleaseScriptingObjects (0ms)
			CreateAndSetChildDomain (30ms)
		EndReloadAssembly (1405ms)
			LoadAssemblies (186ms)
			RebuildTransferFunctionScriptingTraits (0ms)
			SetupTypeCache (270ms)
			ReleaseScriptCaches (1ms)
			RebuildScriptCaches (65ms)
			SetupLoadedEditorAssemblies (866ms)
				LogAssemblyErrors (0ms)
				InitializePlatformSupportModulesInManaged (23ms)
				SetLoadedEditorAssemblies (0ms)
				RefreshPlugins (1ms)
				BeforeProcessingInitializeOnLoad (94ms)
				ProcessInitializeOnLoadAttributes (541ms)
				ProcessInitializeOnLoadMethodAttributes (185ms)
				AfterProcessingInitializeOnLoad (22ms)
				EditorAssembliesLoaded (0ms)
			ExecutionOrderSort2 (0ms)
			AwakeInstancesAfterBackupRestoration (10ms)
Platform modules already initialized, skipping
========================================================================
Worker process is ready to serve import requests
Launched and connected shader compiler UnityShaderCompiler.exe after 0.10 seconds
Refreshing native plugins compatible for Editor in 2.50 ms, found 2 plugins.
Preloading 0 native plugins for Editor in 0.00 ms.
Unloading 2241 Unused Serialized files (Serialized files now loaded: 0)
Unloading 56 unused Assets / (57.9 KB). Loaded Objects now: 2707.
Memory consumption went from 101.2 MB to 101.1 MB.
Total: 8.722300 ms (FindLiveObjects: 0.292700 ms CreateObjectMapping: 0.085500 ms MarkObjects: 8.210900 ms  DeleteObjects: 0.131000 ms)

AssetImportParameters requested are different than current active one (requested -> active):
  custom:video-decoder-ogg-theora: a1e56fd34408186e4bbccfd4996cb3dc -> 
  custom:container-muxer-webm: aa71ff27fc2769a1b78a27578f13a17b -> 
  custom:container-demuxer-webm: 4f35f7cbe854078d1ac9338744f61a02 -> 
  custom:video-encoder-webm-vp8: eb34c28f22e8b96e1ab97ce403110664 -> 
  custom:audio-encoder-webm-vorbis: bf7c407c2cedff20999df2af8eb42d56 -> 
  custom:framework-win-MediaFoundation: 216162199b28c13a410421893ffa2e32 -> 
  custom:container-demuxer-ogg: 62fdf1f143b41e24485cea50d1cbac27 -> 
  custom:video-decoder-webm-vp8: 9c59270c3fd7afecdb556c50c9e8de78 -> 
  custom:audio-decoder-ogg-vorbis: bf7c407c2cedff20999df2af8eb42d56 -> 
========================================================================
Received Import Request.
  Time since last request: 832735.672940 seconds.
  path: Assets/Models/Characters/Warrior/fbx/Warrior_Move_Forward.FBX
  artifactKey: Guid(9d657f810b7a0bf48b9c87be98307cc0) Importer(815301076,1909f56bfc062723c751e8b465ee728b)
Start importing Assets/Models/Characters/Warrior/fbx/Warrior_Move_Forward.FBX using Guid(9d657f810b7a0bf48b9c87be98307cc0) Importer(815301076,1909f56bfc062723c751e8b465ee728b)  -> (artifact id: '5faa49efc3ea3b928322937cded029b6') in 0.326684 seconds 
========================================================================
Received Import Request.
  Time since last request: 363.181110 seconds.
  path: Assets/Models/Objects/TreasureBox/tga/treasure_box.png
  artifactKey: Guid(fc2d90b6c073173419729f65a6f5ba9d) Importer(815301076,1909f56bfc062723c751e8b465ee728b)
Start importing Assets/Models/Objects/TreasureBox/tga/treasure_box.png using Guid(fc2d90b6c073173419729f65a6f5ba9d) Importer(815301076,1909f56bfc062723c751e8b465ee728b)  -> (artifact id: '0a0c4fe7c03bd8c44eb39fc05c682367') in 0.030559 seconds 
========================================================================
Received Import Request.
  Time since last request: 0.000046 seconds.
  path: Assets/Models/NPCs/Treasure_kingskull/tga/treasure_kingskull.png
  artifactKey: Guid(ea4a384f27a1d6f49905c9c5d79538b7) Importer(815301076,1909f56bfc062723c751e8b465ee728b)
Start importing Assets/Models/NPCs/Treasure_kingskull/tga/treasure_kingskull.png using Guid(ea4a384f27a1d6f49905c9c5d79538b7) Importer(815301076,1909f56bfc062723c751e8b465ee728b)  -> (artifact id: '804d615285d3380d6810ad0db93da4e0') in 0.015774 seconds 
========================================================================
Received Import Request.
  Time since last request: 0.225902 seconds.
  path: Assets/Models/NPCs/Treasure_poter/tga/treasure_poter.png
  artifactKey: Guid(4e12e427471a2a64fa809a0274e86bda) Importer(815301076,1909f56bfc062723c751e8b465ee728b)
Start importing Assets/Models/NPCs/Treasure_poter/tga/treasure_poter.png using Guid(4e12e427471a2a64fa809a0274e86bda) Importer(815301076,1909f56bfc062723c751e8b465ee728b)  -> (artifact id: '692b2417252802b17128ff4939fefd2e') in 0.017351 seconds 
========================================================================
Received Import Request.
  Time since last request: 0.000025 seconds.
  path: Assets/Models/NPCs/Treasure_redmob/tga/treasure_redmob.png
  artifactKey: Guid(eb72da4987d40c146a578782014514f3) Importer(815301076,1909f56bfc062723c751e8b465ee728b)
Start importing Assets/Models/NPCs/Treasure_redmob/tga/treasure_redmob.png using Guid(eb72da4987d40c146a578782014514f3) Importer(815301076,1909f56bfc062723c751e8b465ee728b)  -> (artifact id: '45d0203979910f6d9b4236a4b2225c33') in 0.015008 seconds 
========================================================================
Received Import Request.
  Time since last request: 0.076888 seconds.
  path: Assets/Models/Characters/Wizard/Wizard.fbm/wofangyuanchengxiaobing.tga
  artifactKey: Guid(5f1ec5fbfd1d8f946b5c8d50357ac1c3) Importer(815301076,1909f56bfc062723c751e8b465ee728b)
Start importing Assets/Models/Characters/Wizard/Wizard.fbm/wofangyuanchengxiaobing.tga using Guid(5f1ec5fbfd1d8f946b5c8d50357ac1c3) Importer(815301076,1909f56bfc062723c751e8b465ee728b)  -> (artifact id: '73953ba9cf5fe4c47390268f35e1f176') in 0.020517 seconds 
========================================================================
Received Import Request.
  Time since last request: 1971.280988 seconds.
  path: Assets/Levels/CharSelect/Materials/ground01.mat
  artifactKey: Guid(0424c34bba4ccb24296dcb201e5fab3a) Importer(815301076,1909f56bfc062723c751e8b465ee728b)
Start importing Assets/Levels/CharSelect/Materials/ground01.mat using Guid(0424c34bba4ccb24296dcb201e5fab3a) Importer(815301076,1909f56bfc062723c751e8b465ee728b)  -> (artifact id: '0410477ccff4b5db96a4f5392e08e263') in 0.028658 seconds 
========================================================================
Received Import Request.
  Time since last request: 0.000033 seconds.
  path: Assets/Models/Characters/Warrior/fbx/Warrior_AtkA.FBX
  artifactKey: Guid(90d8b01553960ce4d979ffe7bd91c5fa) Importer(815301076,1909f56bfc062723c751e8b465ee728b)
Start importing Assets/Models/Characters/Warrior/fbx/Warrior_AtkA.FBX using Guid(90d8b01553960ce4d979ffe7bd91c5fa) Importer(815301076,1909f56bfc062723c751e8b465ee728b)  -> (artifact id: 'eece56241577c589191a657fe6c97b71') in 0.051976 seconds 
========================================================================
Received Import Request.
  Time since last request: 0.000029 seconds.
  path: Assets/Models/NPCs/TaskNPC/taskNPC.FBX
  artifactKey: Guid(e3b61dac7c5fce242b8b5ea2f4bb66bc) Importer(815301076,1909f56bfc062723c751e8b465ee728b)
Start importing Assets/Models/NPCs/TaskNPC/taskNPC.FBX using Guid(e3b61dac7c5fce242b8b5ea2f4bb66bc) Importer(815301076,1909f56bfc062723c751e8b465ee728b)  -> (artifact id: 'b7cf2092b7c02c1f17ea63c29a8d0286') in 0.067275 seconds 
========================================================================
Received Import Request.
  Time since last request: 0.000039 seconds.
  path: Assets/Models/NPCs/Treasure_kingskull/treasure_kingskull.FBX
  artifactKey: Guid(9e1b59526b416984fb6da45c55069d96) Importer(815301076,1909f56bfc062723c751e8b465ee728b)
Start importing Assets/Models/NPCs/Treasure_kingskull/treasure_kingskull.FBX using Guid(9e1b59526b416984fb6da45c55069d96) Importer(815301076,1909f56bfc062723c751e8b465ee728b)  -> (artifact id: '90ad3becf34810ddffba968eb76eec79') in 0.047844 seconds 
========================================================================
Received Import Request.
  Time since last request: 0.000053 seconds.
  path: Assets/Models/NPCs/Treasure_poter/Treasure_poter.FBX
  artifactKey: Guid(f49e475a6036fdb49b198ed1793ea51f) Importer(815301076,1909f56bfc062723c751e8b465ee728b)
Start importing Assets/Models/NPCs/Treasure_poter/Treasure_poter.FBX using Guid(f49e475a6036fdb49b198ed1793ea51f) Importer(815301076,1909f56bfc062723c751e8b465ee728b)  -> (artifact id: '358e4642ab856cf7338fee11a38e57e5') in 0.050340 seconds 
========================================================================
Received Import Request.
  Time since last request: 0.000034 seconds.
  path: Assets/Models/Characters/Warrior/Material #82.mat
  artifactKey: Guid(65f14cd9e9e1cca45898e3bfad5b5861) Importer(815301076,1909f56bfc062723c751e8b465ee728b)
Start importing Assets/Models/Characters/Warrior/Material #82.mat using Guid(65f14cd9e9e1cca45898e3bfad5b5861) Importer(815301076,1909f56bfc062723c751e8b465ee728b)  -> (artifact id: '2fdf7c7971bf2ae1a8e6fdfbe769e3a8') in 0.026242 seconds 
========================================================================
Received Import Request.
  Time since last request: 0.000037 seconds.
  path: Assets/Levels/MainCity/Models/other/Materials/n_034.mat
  artifactKey: Guid(665ca59d806620b42a84102b6ae15035) Importer(815301076,1909f56bfc062723c751e8b465ee728b)
Start importing Assets/Levels/MainCity/Models/other/Materials/n_034.mat using Guid(665ca59d806620b42a84102b6ae15035) Importer(815301076,1909f56bfc062723c751e8b465ee728b)  -> (artifact id: 'ab10a74126e914eb28e072d38fc06c5e') in 0.064113 seconds 
========================================================================
Received Import Request.
  Time since last request: 0.000040 seconds.
  path: Assets/Models/Characters/Warrior/fbx/Warrior_SkillA.FBX
  artifactKey: Guid(2dd4524b3c522ce4f833664f4f688a86) Importer(815301076,1909f56bfc062723c751e8b465ee728b)
Start importing Assets/Models/Characters/Warrior/fbx/Warrior_SkillA.FBX using Guid(2dd4524b3c522ce4f833664f4f688a86) Importer(815301076,1909f56bfc062723c751e8b465ee728b)  -> (artifact id: 'b5d110cae03e9a6f47cb89a87db81235') in 0.044630 seconds 
Editor requested this worker to shutdown with reason: Scaling down because of idle timeout
AssetImportWorker is now disconnected from the server
Process exiting
Exiting without the bug reporter. Application will terminate with return code 0